[debug] [2021-10-15T10:17:03.557Z] ----------------------------------------------------------------------
[debug] [2021-10-15T10:17:03.559Z] Command:       C:\Program Files\nodejs\node.exe C:\Users\User\AppData\Roaming\npm\node_modules\firebase-tools\lib\bin\firebase.js init
[debug] [2021-10-15T10:17:03.559Z] CLI Version:   9.20.0
[debug] [2021-10-15T10:17:03.559Z] Platform:      win32
[debug] [2021-10-15T10:17:03.559Z] Node Version:  v14.17.6
[debug] [2021-10-15T10:17:03.560Z] Time:          Fri Oct 15 2021 16:17:03 GMT+0600 (Bangladesh Standard Time)
[debug] [2021-10-15T10:17:03.560Z] ----------------------------------------------------------------------
[debug] 
[debug] [2021-10-15T10:17:03.565Z] > command requires scopes: ["email","openid","https://www.googleapis.com/auth/cloudplatformprojects.readonly","https://www.googleapis.com/auth/firebase","https://www.googleapis.com/auth/cloud-platform"]
[debug] [2021-10-15T10:17:03.565Z] > authorizing via signed-in user (raufu.dev@gmail.com)
[info] 
     ######## #### ########  ######## ########     ###     ######  ########
     ##        ##  ##     ## ##       ##     ##  ##   ##  ##       ##
     ######    ##  ########  ######   ########  #########  ######  ######
     ##        ##  ##    ##  ##       ##     ## ##     ##       ## ##
     ##       #### ##     ## ######## ########  ##     ##  ######  ########

You're about to initialize a Firebase project in this directory:

  D:\Projects\raufuprezens.inc

[info] 
=== Project Setup
[info] 
[info] First, let's associate this project directory with a Firebase project.
[info] You can create multiple project aliases by running firebase use --add, 
[info] but for now we'll just set up a default project.
[info] 
[debug] [2021-10-15T10:17:26.783Z] >>> [apiv2][query] GET https://firebase.googleapis.com/v1beta1/projects pageSize=100
[debug] [2021-10-15T10:17:27.638Z] <<< [apiv2][status] GET https://firebase.googleapis.com/v1beta1/projects 200
[debug] [2021-10-15T10:17:27.638Z] <<< [apiv2][body] GET https://firebase.googleapis.com/v1beta1/projects [omitted]
[info] i  Using project raufuprezens-ef892 (raufuprezens) 
[info] 
=== Hosting Setup
[info] 
[info] Your public directory is the folder (relative to your project directory) that
[info] will contain Hosting assets to be uploaded with firebase deploy. If you
[info] have a build process for your assets, use your build's output directory.
[info] 
[info] +  Wrote build/404.html 
[debug] [2021-10-15T10:18:06.591Z] >>> [apiv2][query] GET https://www.gstatic.com/firebasejs/releases.json [none]
[debug] [2021-10-15T10:18:06.761Z] <<< [apiv2][status] GET https://www.gstatic.com/firebasejs/releases.json 200
[debug] [2021-10-15T10:18:06.761Z] <<< [apiv2][body] GET https://www.gstatic.com/firebasejs/releases.json {"current":{"version":"9.1.3","browserURL":"https://www.gstatic.com/firebasejs/9.1.3/firebase.js","packageURL":"https://www.gstatic.com/firebasejs/9.1.3/firebase.tgz"},"live":{"version":"9.1","browserURL":"https://www.gstatic.com/firebasejs/live/9.1/firebase.js","packageURL":"https://www.gstatic.com/firebasejs/live/9.1/firebase.tgz"},"components":{"analytics":"https://www.gstatic.com/firebasejs/9.1.3/firebase-analytics.js","app":"https://www.gstatic.com/firebasejs/9.1.3/firebase-app.js","app-check":"https://www.gstatic.com/firebasejs/9.1.3/firebase-app-check.js","auth":"https://www.gstatic.com/firebasejs/9.1.3/firebase-auth.js","auth/cordova":"https://www.gstatic.com/firebasejs/9.1.3/firebase-auth/cordova.js","auth/react-native":"https://www.gstatic.com/firebasejs/9.1.3/firebase-auth/react-native.js","functions":"https://www.gstatic.com/firebasejs/9.1.3/firebase-functions.js","firestore":"https://www.gstatic.com/firebasejs/9.1.3/firebase-firestore.js","firestore/lite":"https://www.gstatic.com/firebasejs/9.1.3/firebase-firestore/lite.js","storage":"https://www.gstatic.com/firebasejs/9.1.3/firebase-storage.js","performance":"https://www.gstatic.com/firebasejs/9.1.3/firebase-performance.js","remote-config":"https://www.gstatic.com/firebasejs/9.1.3/firebase-remote-config.js","messaging":"https://www.gstatic.com/firebasejs/9.1.3/firebase-messaging.js","messaging/sw":"https://www.gstatic.com/firebasejs/9.1.3/firebase-messaging/sw.js","database":"https://www.gstatic.com/firebasejs/9.1.3/firebase-database.js","firestore.memory":"https://www.gstatic.com/firebasejs/9.1.3/firebase-firestore.memory.js"}}
[info] +  Wrote build/index.html 
[info] 
[info] i  Detected a .git folder at D:\Projects\raufuprezens.inc 
[info] i  Authorizing with GitHub to upload your service account to a GitHub repository's secrets store. 
[info] 
[info] Visit this URL on this device to log in:
[info] https://github.com/login/oauth/authorize?client_id=89cf50f02ac6aaed3484&state=696315357&redirect_uri=http%3A%2F%2Flocalhost%3A9005&scope=read%3Auser%20repo%20public_repo
[info] 
[info] Waiting for authentication...
[debug] [2021-10-15T10:18:07.601Z] >>> HTTP REQUEST POST https://github.com/login/oauth/access_token  
 {"client_id":"89cf50f02ac6aaed3484","client_secret":"3330d14abc895d9a74d5f17cd7a00711fa2c5bf0","code":"56c2d68d182c82761207","redirect_uri":"http://localhost:9005","state":"696315357"}
[debug] [2021-10-15T10:18:08.072Z] <<< HTTP RESPONSE 200 {"server":"GitHub.com","date":"Fri, 15 Oct 2021 10:18:07 GMT","content-type":"application/json; charset=utf-8","transfer-encoding":"chunked","vary":"X-PJAX, X-PJAX-Container, Accept-Encoding, Accept, X-Requested-With","permissions-policy":"interest-cohort=()","etag":"W/\"45898b8aea1e80684817d53e215694bb\"","cache-control":"max-age=0, private, must-revalidate","strict-transport-security":"max-age=31536000; includeSubdomains; preload","x-frame-options":"deny","x-content-type-options":"nosniff","x-xss-protection":"0","referrer-policy":"origin-when-cross-origin, strict-origin-when-cross-origin","expect-ct":"max-age=2592000, report-uri=\"https://api.github.com/_private/browser/errors\"","content-security-policy":"default-src 'none'; base-uri 'self'; block-all-mixed-content; child-src github.com/assets-cdn/worker/ gist.github.com/assets-cdn/worker/; connect-src 'self' uploads.github.com objects-origin.githubusercontent.com www.githubstatus.com collector.githubapp.com api.github.com github-cloud.s3.amazonaws.com github-production-repository-file-5c1aeb.s3.amazonaws.com github-production-upload-manifest-file-7fdce7.s3.amazonaws.com github-production-user-asset-6210df.s3.amazonaws.com cdn.optimizely.com logx.optimizely.com/v1/events translator.github.com wss://alive.github.com; font-src github.githubassets.com; form-action 'self' github.com gist.github.com objects-origin.githubusercontent.com; frame-ancestors 'none'; frame-src render.githubusercontent.com viewscreen.githubusercontent.com; img-src 'self' data: github.githubassets.com identicons.github.com collector.githubapp.com github-cloud.s3.amazonaws.com secured-user-images.githubusercontent.com/ *.githubusercontent.com; manifest-src 'self'; media-src github.com user-images.githubusercontent.com/; script-src github.githubassets.com; style-src 'unsafe-inline' github.githubassets.com; worker-src github.com/assets-cdn/worker/ gist.github.com/assets-cdn/worker/","x-github-request-id":"C42E:531C:C25E0:14ACD6:6169555F"}
[debug] [2021-10-15T10:18:08.074Z] >>> [apiv2][query] GET https://api.github.com/user [none]
[debug] [2021-10-15T10:18:08.577Z] <<< [apiv2][status] GET https://api.github.com/user 200
[debug] [2021-10-15T10:18:08.577Z] <<< [apiv2][body] GET https://api.github.com/user {"login":"iamraufu","id":43452776,"node_id":"MDQ6VXNlcjQzNDUyNzc2","avatar_url":"https://avatars.githubusercontent.com/u/43452776?v=4","gravatar_id":"","url":"https://api.github.com/users/iamraufu","html_url":"https://github.com/iamraufu","followers_url":"https://api.github.com/users/iamraufu/followers","following_url":"https://api.github.com/users/iamraufu/following{/other_user}","gists_url":"https://api.github.com/users/iamraufu/gists{/gist_id}","starred_url":"https://api.github.com/users/iamraufu/starred{/owner}{/repo}","subscriptions_url":"https://api.github.com/users/iamraufu/subscriptions","organizations_url":"https://api.github.com/users/iamraufu/orgs","repos_url":"https://api.github.com/users/iamraufu/repos","events_url":"https://api.github.com/users/iamraufu/events{/privacy}","received_events_url":"https://api.github.com/users/iamraufu/received_events","type":"User","site_admin":false,"name":"Eftykhar Rahman","company":"Founder and CEO of @raufuprezensinc.","blog":"iamraufu.web.app","location":"127.0.0.1","email":"raufu.dev@gmail.com","hireable":true,"bio":"Full Stack Web Developer in MERN Stack | React JS | Node JS |","twitter_username":"iamraufu","public_repos":140,"public_gists":3,"followers":35,"following":0,"created_at":"2018-09-20T19:22:10Z","updated_at":"2021-09-27T16:21:37Z","private_gists":0,"total_private_repos":9,"owned_private_repos":9,"disk_usage":329370,"collaborators":0,"two_factor_authentication":false,"plan":{"name":"pro","space":976562499,"collaborators":0,"private_repos":9999}}
[info] 
[info] +  Success! Logged into GitHub as iamraufu 
[info] 
